<?xml version="1.0" encoding="UTF-8"?>
<!-- Generated by org.testng.reporters.JUnitReportReporter -->
<testsuite skipped="0" hostname="LAPTOP-JVNL5G83" name="com.carbonite.test.suites.HomePageTest" tests="2" failures="0" timestamp="12 Jul 2021 00:35:15 GMT" time="23.032" errors="0">
  <testcase name="runScenario" time="11.897" classname="com.carbonite.test.suites.HomePageTest"/>
  <testcase name="runScenario" time="11.135" classname="com.carbonite.test.suites.HomePageTest"/>
</testsuite> <!-- com.carbonite.test.suites.HomePageTest -->
